<?xml version="1.0" encoding="UTF-8"?>
<!-- Generated by org.testng.reporters.JUnitXMLReporter -->
<testsuite ignored="0" hostname="Ashishs-MacBook-Air.local" failures="1" tests="3" name="Application Test 2" time="0.023" errors="0" timestamp="2020-10-29T11:38:02 EDT">
  <testcase classname="testClasses.TestNG_ListenerTest2" name="testMethod2" time="0.001">
    <failure type="java.lang.AssertionError" message="expected [true] but found [false]">
      <![CDATA[java.lang.AssertionError: expected [true] but found [false]
at testClasses.TestNG_ListenerTest2.testMethod2(TestNG_ListenerTest2.java:35)
at java.base/java.util.ArrayList.forEach(ArrayList.java:1507)
... Removed 31 stack frames]]>
    </failure>
  </testcase> <!-- testMethod2 -->
  <testcase classname="testClasses.TestNG_ListenerTest2" name="testMethod1" time="0.002"/>
  <testcase classname="testClasses.TestNG_ListenerTest2" name="testMethod3" time="0.0">
    <skipped/>
  </testcase> <!-- testMethod3 -->
</testsuite> <!-- Application Test 2 -->
