<?xml version="1.0" encoding="UTF-8"?>
<!-- Generated by org.testng.reporters.JUnitXMLReporter -->
<testsuite ignored="0" hostname="Ashishs-MacBook-Air.local" failures="1" tests="2" name="Application Test" time="0.074" errors="0" timestamp="2020-10-29T09:56:15 EDT">
  <testcase classname="testClasses.TestNG_ListenerTest1" name="testMethod1" time="0.015"/>
  <testcase classname="testClasses.TestNG_ListenerTest1" name="testMethod2" time="0.003">
    <failure type="java.lang.AssertionError" message="expected [true] but found [false]">
      <![CDATA[java.lang.AssertionError: expected [true] but found [false]
at testClasses.TestNG_ListenerTest1.testMethod2(TestNG_ListenerTest1.java:34)
at java.base/java.util.ArrayList.forEach(ArrayList.java:1507)
... Removed 31 stack frames]]>
    </failure>
  </testcase> <!-- testMethod2 -->
</testsuite> <!-- Application Test -->
