<?xml version="1.0" encoding="UTF-8"?>
<!-- Generated by org.testng.reporters.JUnitXMLReporter -->
<testsuite ignored="0" hostname="Ashishs-MacBook-Air.local" failures="1" tests="3" name="Application Test" time="0.081" errors="0" timestamp="2020-10-29T12:02:06 EDT">
  <testcase classname="testClasses.TestNG_ReportsAndLogs" name="testMethod2" time="0.009">
    <failure type="java.lang.AssertionError">
      <![CDATA[java.lang.AssertionError
at org.junit.Assert.fail(Assert.java:86)
at org.junit.Assert.assertTrue(Assert.java:41)
at org.junit.Assert.assertTrue(Assert.java:52)
at testClasses.TestNG_ReportsAndLogs.testMethod2(TestNG_ReportsAndLogs.java:41)
at java.base/java.util.ArrayList.forEach(ArrayList.java:1507)
... Removed 27 stack frames]]>
    </failure>
  </testcase> <!-- testMethod2 -->
  <testcase classname="testClasses.TestNG_ReportsAndLogs" name="testMethod1" time="0.003"/>
  <testcase classname="testClasses.TestNG_ReportsAndLogs" name="testMethod3" time="0.0">
    <skipped/>
  </testcase> <!-- testMethod3 -->
</testsuite> <!-- Application Test -->
