<?xml version="1.0" encoding="UTF-8"?>
<!-- Generated by org.testng.reporters.JUnitXMLReporter -->
<testsuite ignored="2" hostname="Ashishs-MacBook-Air.local" failures="0" tests="4" name="Application Test" time="0.125" errors="0" timestamp="2020-10-27T06:02:23 EDT">
  <testcase classname="regressionSuite.TestNG_Class1" name="testMethod1" time="0.016"/>
  <testcase classname="regressionSuite.TestNG_Class1" name="testMethod2" time="0.002"/>
  <testcase classname="regressionSuite.TestNG_Class2" name="testMethod1" time="0.002"/>
  <testcase classname="regressionSuite.TestNG_Class2" name="testMethod2" time="0.001"/>
  <testcase classname="base.BaseTestSuite" name="@BeforeSuite beforeSuite" time="0.0">
    <ignored/>
  </testcase> <!-- @BeforeSuite beforeSuite -->
  <testcase classname="base.BaseTestSuite" name="@AfterSuite afterSuite" time="0.0">
    <ignored/>
  </testcase> <!-- @AfterSuite afterSuite -->
</testsuite> <!-- Application Test -->
