<?xml version="1.0" encoding="UTF-8"?>
<!-- Generated by org.testng.reporters.JUnitXMLReporter -->
<testsuite ignored="0" hostname="Ashishs-MacBook-Air.local" failures="0" tests="4" name="GroupsDemo" time="0.081" errors="0" timestamp="2020-10-28T06:24:26 EDT">
  <testcase classname="testClasses.TestNG_Grouping" name="testAudiA6" time="0.007"/>
  <testcase classname="testClasses.TestNG_Grouping" name="testBMWX6" time="0.002"/>
  <testcase classname="testClasses.TestNG_Grouping" name="testHondaCBR" time="0.002"/>
  <testcase classname="testClasses.TestNG_Grouping" name="testNinga" time="0.002"/>
</testsuite> <!-- GroupsDemo -->
