<?xml version="1.0" encoding="UTF-8"?>
<testng-results ignored="0" total="2" passed="2" failed="0" skipped="0">
  <reporter-output>
  </reporter-output>
  <suite started-at="2020-11-02T09:35:06 EST" name="Parallel Test Suite" finished-at="2020-11-02T09:35:31 EST" duration-ms="24486">
    <groups>
    </groups>
    <test started-at="2020-11-02T09:35:06 EST" name="Chrome Test" finished-at="2020-11-02T09:35:11 EST" duration-ms="4914">
      <class name="testClasses.TestNG_SeleniumParametersParallelExample">
        <test-method is-config="true" signature="setUp(java.lang.String)[pri:0, instance:testClasses.TestNG_SeleniumParametersParallelExample@22635ba0]" started-at="2020-11-02T09:35:07 EST" name="setUp" finished-at="2020-11-02T09:35:10 EST" duration-ms="3814" status="PASS">
          <params>
            <param index="0">
              <value>
                <![CDATA[chrome]]>
              </value>
            </param>
          </params>
          <reporter-output>
          </reporter-output>
        </test-method> <!-- setUp -->
        <test-method signature="testLogin()[pri:0, instance:testClasses.TestNG_SeleniumParametersParallelExample@22635ba0]" started-at="2020-11-02T09:35:10 EST" name="testLogin" finished-at="2020-11-02T09:35:11 EST" duration-ms="433" status="PASS">
          <reporter-output>
          </reporter-output>
        </test-method> <!-- testLogin -->
        <test-method is-config="true" signature="cleanUp()[pri:0, instance:testClasses.TestNG_SeleniumParametersParallelExample@22635ba0]" started-at="2020-11-02T09:35:11 EST" name="cleanUp" finished-at="2020-11-02T09:35:11 EST" duration-ms="608" status="PASS">
          <reporter-output>
          </reporter-output>
        </test-method> <!-- cleanUp -->
      </class> <!-- testClasses.TestNG_SeleniumParametersParallelExample -->
    </test> <!-- Chrome Test -->
    <test started-at="2020-11-02T09:35:06 EST" name="Firefox Test" finished-at="2020-11-02T09:35:31 EST" duration-ms="24486">
      <class name="testClasses.TestNG_SeleniumParametersParallelExample">
        <test-method is-config="true" signature="setUp(java.lang.String)[pri:0, instance:testClasses.TestNG_SeleniumParametersParallelExample@b62fe6d]" started-at="2020-11-02T09:35:07 EST" name="setUp" finished-at="2020-11-02T09:35:26 EST" duration-ms="19522" status="PASS">
          <params>
            <param index="0">
              <value>
                <![CDATA[firefox]]>
              </value>
            </param>
          </params>
          <reporter-output>
          </reporter-output>
        </test-method> <!-- setUp -->
        <test-method signature="testLogin()[pri:0, instance:testClasses.TestNG_SeleniumParametersParallelExample@b62fe6d]" started-at="2020-11-02T09:35:26 EST" name="testLogin" finished-at="2020-11-02T09:35:30 EST" duration-ms="4019" status="PASS">
          <reporter-output>
          </reporter-output>
        </test-method> <!-- testLogin -->
        <test-method is-config="true" signature="cleanUp()[pri:0, instance:testClasses.TestNG_SeleniumParametersParallelExample@b62fe6d]" started-at="2020-11-02T09:35:30 EST" name="cleanUp" finished-at="2020-11-02T09:35:31 EST" duration-ms="895" status="PASS">
          <reporter-output>
          </reporter-output>
        </test-method> <!-- cleanUp -->
      </class> <!-- testClasses.TestNG_SeleniumParametersParallelExample -->
    </test> <!-- Firefox Test -->
  </suite> <!-- Parallel Test Suite -->
</testng-results>
