<?xml version="1.0" encoding="UTF-8"?>
<!-- Generated by org.testng.reporters.JUnitXMLReporter -->
<testsuite ignored="0" hostname="Ashishs-MacBook-Air.local" failures="0" tests="4" name="Test1" time="0.08" errors="0" timestamp="2020-10-28T07:51:52 EDT">
  <testcase classname="testClasses.TestNG_Preserve1" name="testMethod1" time="0.011"/>
  <testcase classname="testClasses.TestNG_Preserve1" name="testMethod2" time="0.003"/>
  <testcase classname="testClasses.TestNG_Preserve2" name="testMethod1" time="0.015"/>
  <testcase classname="testClasses.TestNG_Preserve2" name="testMethod2" time="0.002"/>
</testsuite> <!-- Test1 -->
